Thu Jan 28 08:25:00 2016 :: Booting Database
 0 0 0 0 0 0 0 0 0 0 0 0 0 0 0 0 0 0 0 0 0 0 0 0 0 0 0 0 0 0 0 0
Thu Jan 28 08:25:00 2016 :: [*****] BOOT: ---------------------[ Boot Log ]--------------------
Thu Jan 28 08:25:00 2016 :: Initializing libdl support...
Thu Jan 28 08:25:00 2016 :: Loading commands
Thu Jan 28 08:25:00 2016 :: Loading spec_funs...
Thu Jan 28 08:25:00 2016 :: Loading sysdata configuration...
Thu Jan 28 08:25:00 2016 :: Loading socials
Thu Jan 28 08:25:00 2016 :: Sorting skill table...
Thu Jan 28 08:25:00 2016 :: Loading herb table
Thu Jan 28 08:25:00 2016 :: Making wizlist
Thu Jan 28 08:25:00 2016 :: Loading Changes List
Thu Jan 28 08:25:00 2016 :: Loading force skills...
Thu Jan 28 08:25:00 2016 ::  Done force skills 
Thu Jan 28 08:25:00 2016 :: Loading force helps...
Thu Jan 28 08:25:00 2016 ::  Done force helps 
Thu Jan 28 08:25:00 2016 :: Loading ship prototypes...
Thu Jan 28 08:25:00 2016 :: [*****] BUG: Load_prototype_header: no match: Type
Thu Jan 28 08:25:00 2016 :: [*****] BUG: Load_prototype_header: no match: 1
Thu Jan 28 08:25:00 2016 ::  Done ship prototypes 
Thu Jan 28 08:25:00 2016 :: Initializing random number generator
Thu Jan 28 08:25:00 2016 :: Setting time and weather
Thu Jan 28 08:25:00 2016 :: Assigning gsn's
ASSIGN_GSN: Skill split s not found.
ASSIGN_GSN: Skill addpatrol not found.
ASSIGN_GSN: Skill true sight not found.
ASSIGN_GSN: Skill ship design not found.
ASSIGN_GSN: Skill shieldwork not found.
ASSIGN_GSN: Skill detrap not found.
ASSIGN_GSN: Skill parry not found.
ASSIGN_GSN: Skill fourth attack not found.
ASSIGN_GSN: Skill fifth attack not found.
ASSIGN_GSN: Skill bite not found.
ASSIGN_GSN: Skill claw not found.
ASSIGN_GSN: Skill sting not found.
ASSIGN_GSN: Skill tail not found.
ASSIGN_GSN: Skill brew not found.
ASSIGN_GSN: Skill fireball not found.
ASSIGN_GSN: Skill chill touch not found.
ASSIGN_GSN: Skill force bolt not found.
ASSIGN_GSN: Skill aqua breath not found.
ASSIGN_GSN: Skill blindness not found.
ASSIGN_GSN: Skill affect mind not found.
ASSIGN_GSN: Skill curse not found.
ASSIGN_GSN: Skill mask not found.
ASSIGN_GSN: Skill group masking not found.
ASSIGN_GSN: Skill sleep not found.
ASSIGN_GSN: Skill possess not found.
ASSIGN_GSN: Skill asdarian not found.
ASSIGN_GSN: Skill droid not found.
ASSIGN_GSN: Skill makeempgrenade not found.
Thu Jan 28 08:25:00 2016 :: Reading in area files...
(help.are)
limbo.are     : Rooms:     1 - 99    Objs:     2 - 99    Mobs:     1 - 99
Thu Jan 28 08:25:00 2016 :: [*****] FILE: omni_complex LINE: 384
Thu Jan 28 08:25:00 2016 :: [*****] BUG: Get_obj_index: bad vnum 4561.
Thu Jan 28 08:25:00 2016 :: [*****] BOOT: load_room_reset: omni_complex (1) 'O': object 4561 doesn't exist.
Thu Jan 28 08:25:00 2016 :: [*****] FILE: omni_complex LINE: 385
Thu Jan 28 08:25:00 2016 :: [*****] BUG: Get_obj_index: bad vnum 132.
Thu Jan 28 08:25:00 2016 :: [*****] BOOT: load_room_reset: omni_complex (1) 'P': object 132 doesn't exist.
Thu Jan 28 08:25:00 2016 :: [*****] FILE: omni_complex LINE: 385
Thu Jan 28 08:25:00 2016 :: [*****] BUG: Get_obj_index: bad vnum 4561.
Thu Jan 28 08:25:00 2016 :: [*****] BOOT: load_room_reset: omni_complex (1) 'P': destination object 4561 doesn't exist.
Thu Jan 28 08:25:00 2016 :: [*****] FILE: omni_complex LINE: 386
Thu Jan 28 08:25:00 2016 :: [*****] BUG: Get_obj_index: bad vnum 132.
Thu Jan 28 08:25:00 2016 :: [*****] BOOT: load_room_reset: omni_complex (1) 'P': destination object 132 doesn't exist.
Thu Jan 28 08:25:00 2016 :: [*****] FILE: omni_complex LINE: 387
Thu Jan 28 08:25:00 2016 :: [*****] BUG: Get_obj_index: bad vnum 4561.
Thu Jan 28 08:25:00 2016 :: [*****] BOOT: load_room_reset: omni_complex (1) 'P': object 4561 doesn't exist.
Thu Jan 28 08:25:00 2016 :: [*****] FILE: omni_complex LINE: 388
Thu Jan 28 08:25:00 2016 :: [*****] BUG: Get_obj_index: bad vnum 132.
Thu Jan 28 08:25:00 2016 :: [*****] BOOT: load_room_reset: omni_complex (1) 'P': object 132 doesn't exist.
Thu Jan 28 08:25:00 2016 :: [*****] FILE: omni_complex LINE: 388
Thu Jan 28 08:25:00 2016 :: [*****] BUG: Get_obj_index: bad vnum 4561.
Thu Jan 28 08:25:00 2016 :: [*****] BOOT: load_room_reset: omni_complex (1) 'P': destination object 4561 doesn't exist.
omni_complex  : Rooms:   100 - 114   Objs:   100 - 114   Mobs:   100 - 114
menarispaceport: Rooms:   199 - 226   Objs:   200 - 225   Mobs:   200 - 225
Thu Jan 28 08:25:00 2016 :: [*****] FILE: tatooine.are LINE: 2824
Thu Jan 28 08:25:00 2016 :: [*****] BUG: Get_obj_index: bad vnum 4508.
Thu Jan 28 08:25:00 2016 :: [*****] BOOT: load_room_reset: tatooine.are (1) 'G': object 4508 doesn't exist.
tatooine.are  : Rooms:   250 - 450   Objs:   250 - 450   Mobs:   250 - 450
misc.are      : Rooms:   700 - 899   Objs:   700 - 799   Mobs:   700 - 899
Thu Jan 28 08:25:00 2016 :: [*****] FILE: coruscant.are LINE: 1620
Thu Jan 28 08:25:00 2016 :: [*****] BUG: Get_obj_index: bad vnum 134.
Thu Jan 28 08:25:00 2016 :: [*****] BOOT: load_room_reset: coruscant.are (1) 'G': object 134 doesn't exist.
Thu Jan 28 08:25:00 2016 :: [*****] FILE: coruscant.are LINE: 1625
Thu Jan 28 08:25:00 2016 :: [*****] BUG: Get_obj_index: bad vnum 133.
Thu Jan 28 08:25:00 2016 :: [*****] BOOT: load_room_reset: coruscant.are (1) 'G': object 133 doesn't exist.
Thu Jan 28 08:25:00 2016 :: [*****] FILE: coruscant.are LINE: 1905
Thu Jan 28 08:25:00 2016 :: [*****] BUG: Get_obj_index: bad vnum 133.
Thu Jan 28 08:25:00 2016 :: [*****] BOOT: load_room_reset: coruscant.are (1) 'G': object 133 doesn't exist.
Thu Jan 28 08:25:00 2016 :: [*****] FILE: coruscant.are LINE: 1997
Thu Jan 28 08:25:00 2016 :: [*****] BUG: Get_obj_index: bad vnum 151.
Thu Jan 28 08:25:00 2016 :: [*****] BOOT: load_room_reset: coruscant.are (1) 'G': object 151 doesn't exist.
Thu Jan 28 08:25:00 2016 :: [*****] FILE: coruscant.are LINE: 2372
Thu Jan 28 08:25:00 2016 :: [*****] BUG: Get_mob_index: bad vnum 1152.
Thu Jan 28 08:25:00 2016 :: [*****] BOOT: load_room_reset: coruscant.are (1) 'M': mobile 1152 doesn't exist.
Thu Jan 28 08:25:00 2016 :: [*****] FILE: coruscant.are LINE: 2380
Thu Jan 28 08:25:00 2016 :: [*****] BUG: Get_mob_index: bad vnum 1152.
Thu Jan 28 08:25:00 2016 :: [*****] BOOT: load_room_reset: coruscant.are (1) 'M': mobile 1152 doesn't exist.
Thu Jan 28 08:25:00 2016 :: [*****] FILE: coruscant.are LINE: 2439
Thu Jan 28 08:25:00 2016 :: [*****] BUG: Get_obj_index: bad vnum 134.
Thu Jan 28 08:25:00 2016 :: [*****] BOOT: load_room_reset: coruscant.are (1) 'G': object 134 doesn't exist.
Thu Jan 28 08:25:00 2016 :: [*****] FILE: coruscant.are LINE: 2444
Thu Jan 28 08:25:00 2016 :: [*****] BUG: Get_obj_index: bad vnum 133.
Thu Jan 28 08:25:00 2016 :: [*****] BOOT: load_room_reset: coruscant.are (1) 'P': object 133 doesn't exist.
Thu Jan 28 08:25:00 2016 :: [*****] FILE: coruscant.are LINE: 2445
Thu Jan 28 08:25:00 2016 :: [*****] BUG: Get_obj_index: bad vnum 137.
Thu Jan 28 08:25:00 2016 :: [*****] BOOT: load_room_reset: coruscant.are (1) 'G': object 137 doesn't exist.
Thu Jan 28 08:25:00 2016 :: [*****] FILE: coruscant.are LINE: 2446
Thu Jan 28 08:25:00 2016 :: [*****] BUG: Get_obj_index: bad vnum 133.
Thu Jan 28 08:25:00 2016 :: [*****] BOOT: load_room_reset: coruscant.are (1) 'P': object 133 doesn't exist.
Thu Jan 28 08:25:00 2016 :: [*****] FILE: coruscant.are LINE: 2446
Thu Jan 28 08:25:00 2016 :: [*****] BUG: Get_obj_index: bad vnum 137.
Thu Jan 28 08:25:00 2016 :: [*****] BOOT: load_room_reset: coruscant.are (1) 'P': destination object 137 doesn't exist.
Thu Jan 28 08:25:00 2016 :: [*****] FILE: coruscant.are LINE: 2447
Thu Jan 28 08:25:00 2016 :: [*****] BUG: Get_obj_index: bad vnum 134.
Thu Jan 28 08:25:00 2016 :: [*****] BOOT: load_room_reset: coruscant.are (1) 'P': object 134 doesn't exist.
Thu Jan 28 08:25:00 2016 :: [*****] FILE: coruscant.are LINE: 2447
Thu Jan 28 08:25:00 2016 :: [*****] BUG: Get_obj_index: bad vnum 133.
Thu Jan 28 08:25:00 2016 :: [*****] BOOT: load_room_reset: coruscant.are (1) 'P': destination object 133 doesn't exist.
Thu Jan 28 08:25:00 2016 :: [*****] FILE: coruscant.are LINE: 2448
Thu Jan 28 08:25:00 2016 :: [*****] BUG: Get_obj_index: bad vnum 134.
Thu Jan 28 08:25:00 2016 :: [*****] BOOT: load_room_reset: coruscant.are (1) 'P': destination object 134 doesn't exist.
Thu Jan 28 08:25:00 2016 :: [*****] FILE: coruscant.are LINE: 2450
Thu Jan 28 08:25:00 2016 :: [*****] BUG: Get_obj_index: bad vnum 134.
Thu Jan 28 08:25:00 2016 :: [*****] BOOT: load_room_reset: coruscant.are (1) 'G': object 134 doesn't exist.
Thu Jan 28 08:25:00 2016 :: [*****] FILE: coruscant.are LINE: 2458
Thu Jan 28 08:25:00 2016 :: [*****] BUG: Get_obj_index: bad vnum 136.
Thu Jan 28 08:25:00 2016 :: [*****] BOOT: load_room_reset: coruscant.are (1) 'P': object 136 doesn't exist.
Thu Jan 28 08:25:00 2016 :: [*****] FILE: coruscant.are LINE: 2459
Thu Jan 28 08:25:00 2016 :: [*****] BUG: Get_obj_index: bad vnum 130.
Thu Jan 28 08:25:00 2016 :: [*****] BOOT: load_room_reset: coruscant.are (1) 'P': object 130 doesn't exist.
Thu Jan 28 08:25:00 2016 :: [*****] FILE: coruscant.are LINE: 2459
Thu Jan 28 08:25:00 2016 :: [*****] BUG: Get_obj_index: bad vnum 136.
Thu Jan 28 08:25:00 2016 :: [*****] BOOT: load_room_reset: coruscant.are (1) 'P': destination object 136 doesn't exist.
Thu Jan 28 08:25:00 2016 :: [*****] FILE: coruscant.are LINE: 2460
Thu Jan 28 08:25:00 2016 :: [*****] BUG: Get_obj_index: bad vnum 150.
Thu Jan 28 08:25:00 2016 :: [*****] BOOT: load_room_reset: coruscant.are (1) 'P': object 150 doesn't exist.
Thu Jan 28 08:25:00 2016 :: [*****] FILE: coruscant.are LINE: 2460
Thu Jan 28 08:25:00 2016 :: [*****] BUG: Get_obj_index: bad vnum 130.
Thu Jan 28 08:25:00 2016 :: [*****] BOOT: load_room_reset: coruscant.are (1) 'P': destination object 130 doesn't exist.
Thu Jan 28 08:25:00 2016 :: [*****] FILE: coruscant.are LINE: 2461
Thu Jan 28 08:25:00 2016 :: [*****] BUG: Get_obj_index: bad vnum 150.
Thu Jan 28 08:25:00 2016 :: [*****] BOOT: load_room_reset: coruscant.are (1) 'P': destination object 150 doesn't exist.
Thu Jan 28 08:25:00 2016 :: [*****] FILE: coruscant.are LINE: 2465
Thu Jan 28 08:25:00 2016 :: [*****] BUG: Get_mob_index: bad vnum 1154.
Thu Jan 28 08:25:00 2016 :: [*****] BOOT: load_room_reset: coruscant.are (1) 'M': mobile 1154 doesn't exist.
Thu Jan 28 08:25:00 2016 :: [*****] FILE: coruscant.are LINE: 2467
Thu Jan 28 08:25:00 2016 :: [*****] BUG: Get_mob_index: bad vnum 1154.
Thu Jan 28 08:25:00 2016 :: [*****] BOOT: load_room_reset: coruscant.are (1) 'M': mobile 1154 doesn't exist.
Thu Jan 28 08:25:00 2016 :: [*****] FILE: coruscant.are LINE: 2469
Thu Jan 28 08:25:00 2016 :: [*****] BUG: Get_mob_index: bad vnum 1154.
Thu Jan 28 08:25:00 2016 :: [*****] BOOT: load_room_reset: coruscant.are (1) 'M': mobile 1154 doesn't exist.
Thu Jan 28 08:25:00 2016 :: [*****] FILE: coruscant.are LINE: 2471
Thu Jan 28 08:25:00 2016 :: [*****] BUG: Get_mob_index: bad vnum 1154.
Thu Jan 28 08:25:00 2016 :: [*****] BOOT: load_room_reset: coruscant.are (1) 'M': mobile 1154 doesn't exist.
Thu Jan 28 08:25:00 2016 :: [*****] FILE: coruscant.are LINE: 2473
Thu Jan 28 08:25:00 2016 :: [*****] BUG: Get_mob_index: bad vnum 1154.
Thu Jan 28 08:25:00 2016 :: [*****] BOOT: load_room_reset: coruscant.are (1) 'M': mobile 1154 doesn't exist.
Thu Jan 28 08:25:00 2016 :: [*****] FILE: coruscant.are LINE: 2574
Thu Jan 28 08:25:00 2016 :: [*****] BUG: Get_mob_index: bad vnum 1154.
Thu Jan 28 08:25:00 2016 :: [*****] BOOT: load_room_reset: coruscant.are (1) 'M': mobile 1154 doesn't exist.
Thu Jan 28 08:25:00 2016 :: [*****] FILE: coruscant.are LINE: 2575
Thu Jan 28 08:25:00 2016 :: [*****] BUG: Get_mob_index: bad vnum 1154.
Thu Jan 28 08:25:00 2016 :: [*****] BOOT: load_room_reset: coruscant.are (1) 'M': mobile 1154 doesn't exist.
Thu Jan 28 08:25:00 2016 :: [*****] FILE: coruscant.are LINE: 2593
Thu Jan 28 08:25:00 2016 :: [*****] BUG: Get_mob_index: bad vnum 1154.
Thu Jan 28 08:25:00 2016 :: [*****] BOOT: load_room_reset: coruscant.are (1) 'M': mobile 1154 doesn't exist.
Thu Jan 28 08:25:00 2016 :: [*****] FILE: coruscant.are LINE: 2594
Thu Jan 28 08:25:00 2016 :: [*****] BUG: Get_mob_index: bad vnum 1154.
Thu Jan 28 08:25:00 2016 :: [*****] BOOT: load_room_reset: coruscant.are (1) 'M': mobile 1154 doesn't exist.
Thu Jan 28 08:25:00 2016 :: [*****] FILE: coruscant.are LINE: 2595
Thu Jan 28 08:25:00 2016 :: [*****] BUG: Get_mob_index: bad vnum 1154.
Thu Jan 28 08:25:00 2016 :: [*****] BOOT: load_room_reset: coruscant.are (1) 'M': mobile 1154 doesn't exist.
Thu Jan 28 08:25:00 2016 :: [*****] FILE: coruscant.are LINE: 2596
Thu Jan 28 08:25:00 2016 :: [*****] BUG: Get_mob_index: bad vnum 1154.
Thu Jan 28 08:25:00 2016 :: [*****] BOOT: load_room_reset: coruscant.are (1) 'M': mobile 1154 doesn't exist.
Thu Jan 28 08:25:00 2016 :: [*****] FILE: coruscant.are LINE: 2606
Thu Jan 28 08:25:00 2016 :: [*****] BUG: Get_obj_index: bad vnum 134.
Thu Jan 28 08:25:00 2016 :: [*****] BOOT: load_room_reset: coruscant.are (1) 'G': object 134 doesn't exist.
Thu Jan 28 08:25:00 2016 :: [*****] FILE: coruscant.are LINE: 2628
Thu Jan 28 08:25:00 2016 :: [*****] BUG: Get_mob_index: bad vnum 1154.
Thu Jan 28 08:25:00 2016 :: [*****] BOOT: load_room_reset: coruscant.are (1) 'M': mobile 1154 doesn't exist.
Thu Jan 28 08:25:00 2016 :: [*****] FILE: coruscant.are LINE: 2629
Thu Jan 28 08:25:00 2016 :: [*****] BUG: Get_mob_index: bad vnum 1154.
Thu Jan 28 08:25:00 2016 :: [*****] BOOT: load_room_reset: coruscant.are (1) 'M': mobile 1154 doesn't exist.
Thu Jan 28 08:25:00 2016 :: [*****] FILE: coruscant.are LINE: 2669
Thu Jan 28 08:25:00 2016 :: [*****] BUG: Get_mob_index: bad vnum 1154.
Thu Jan 28 08:25:00 2016 :: [*****] BOOT: load_room_reset: coruscant.are (1) 'M': mobile 1154 doesn't exist.
Thu Jan 28 08:25:00 2016 :: [*****] FILE: coruscant.are LINE: 2670
Thu Jan 28 08:25:00 2016 :: [*****] BUG: Get_mob_index: bad vnum 1154.
Thu Jan 28 08:25:00 2016 :: [*****] BOOT: load_room_reset: coruscant.are (1) 'M': mobile 1154 doesn't exist.
Thu Jan 28 08:25:00 2016 :: [*****] FILE: coruscant.are LINE: 2728
Thu Jan 28 08:25:00 2016 :: [*****] BUG: Get_mob_index: bad vnum 1154.
Thu Jan 28 08:25:00 2016 :: [*****] BOOT: load_room_reset: coruscant.are (1) 'M': mobile 1154 doesn't exist.
Thu Jan 28 08:25:00 2016 :: [*****] FILE: coruscant.are LINE: 2729
Thu Jan 28 08:25:00 2016 :: [*****] BUG: Get_mob_index: bad vnum 1154.
Thu Jan 28 08:25:00 2016 :: [*****] BOOT: load_room_reset: coruscant.are (1) 'M': mobile 1154 doesn't exist.
Thu Jan 28 08:25:00 2016 :: [*****] FILE: coruscant.are LINE: 2747
Thu Jan 28 08:25:00 2016 :: [*****] BUG: Get_mob_index: bad vnum 1154.
Thu Jan 28 08:25:00 2016 :: [*****] BOOT: load_room_reset: coruscant.are (1) 'M': mobile 1154 doesn't exist.
Thu Jan 28 08:25:00 2016 :: [*****] FILE: coruscant.are LINE: 2748
Thu Jan 28 08:25:00 2016 :: [*****] BUG: Get_mob_index: bad vnum 1154.
Thu Jan 28 08:25:00 2016 :: [*****] BOOT: load_room_reset: coruscant.are (1) 'M': mobile 1154 doesn't exist.
Thu Jan 28 08:25:00 2016 :: [*****] FILE: coruscant.are LINE: 2767
Thu Jan 28 08:25:00 2016 :: [*****] BUG: Get_obj_index: bad vnum 7581.
Thu Jan 28 08:25:00 2016 :: [*****] BOOT: load_room_reset: coruscant.are (1) 'O': object 7581 doesn't exist.
Thu Jan 28 08:25:00 2016 :: [*****] FILE: coruscant.are LINE: 2804
Thu Jan 28 08:25:00 2016 :: [*****] BUG: Get_mob_index: bad vnum 1154.
Thu Jan 28 08:25:00 2016 :: [*****] BOOT: load_room_reset: coruscant.are (1) 'M': mobile 1154 doesn't exist.
Thu Jan 28 08:25:00 2016 :: [*****] FILE: coruscant.are LINE: 2805
Thu Jan 28 08:25:00 2016 :: [*****] BUG: Get_mob_index: bad vnum 1154.
Thu Jan 28 08:25:00 2016 :: [*****] BOOT: load_room_reset: coruscant.are (1) 'M': mobile 1154 doesn't exist.
Thu Jan 28 08:25:00 2016 :: [*****] FILE: coruscant.are LINE: 2954
Thu Jan 28 08:25:00 2016 :: [*****] BUG: Get_mob_index: bad vnum 1154.
Thu Jan 28 08:25:00 2016 :: [*****] BOOT: load_room_reset: coruscant.are (1) 'M': mobile 1154 doesn't exist.
Thu Jan 28 08:25:00 2016 :: [*****] FILE: coruscant.are LINE: 2955
Thu Jan 28 08:25:00 2016 :: [*****] BUG: Get_mob_index: bad vnum 1154.
Thu Jan 28 08:25:00 2016 :: [*****] BOOT: load_room_reset: coruscant.are (1) 'M': mobile 1154 doesn't exist.
Thu Jan 28 08:25:00 2016 :: [*****] FILE: coruscant.are LINE: 2993
Thu Jan 28 08:25:00 2016 :: [*****] BUG: Get_mob_index: bad vnum 1154.
Thu Jan 28 08:25:00 2016 :: [*****] BOOT: load_room_reset: coruscant.are (1) 'M': mobile 1154 doesn't exist.
Thu Jan 28 08:25:00 2016 :: [*****] FILE: coruscant.are LINE: 2994
Thu Jan 28 08:25:00 2016 :: [*****] BUG: Get_mob_index: bad vnum 1154.
Thu Jan 28 08:25:00 2016 :: [*****] BOOT: load_room_reset: coruscant.are (1) 'M': mobile 1154 doesn't exist.
Thu Jan 28 08:25:00 2016 :: [*****] FILE: coruscant.are LINE: 2995
Thu Jan 28 08:25:00 2016 :: [*****] BUG: Get_mob_index: bad vnum 1154.
Thu Jan 28 08:25:00 2016 :: [*****] BOOT: load_room_reset: coruscant.are (1) 'M': mobile 1154 doesn't exist.
Thu Jan 28 08:25:00 2016 :: [*****] FILE: coruscant.are LINE: 2996
Thu Jan 28 08:25:00 2016 :: [*****] BUG: Get_mob_index: bad vnum 1154.
Thu Jan 28 08:25:00 2016 :: [*****] BOOT: load_room_reset: coruscant.are (1) 'M': mobile 1154 doesn't exist.
Thu Jan 28 08:25:00 2016 :: [*****] FILE: coruscant.are LINE: 3198
Thu Jan 28 08:25:00 2016 :: [*****] BUG: Get_mob_index: bad vnum 1154.
Thu Jan 28 08:25:00 2016 :: [*****] BOOT: load_room_reset: coruscant.are (1) 'M': mobile 1154 doesn't exist.
Thu Jan 28 08:25:00 2016 :: [*****] FILE: coruscant.are LINE: 3199
Thu Jan 28 08:25:00 2016 :: [*****] BUG: Get_mob_index: bad vnum 1154.
Thu Jan 28 08:25:00 2016 :: [*****] BOOT: load_room_reset: coruscant.are (1) 'M': mobile 1154 doesn't exist.
Thu Jan 28 08:25:00 2016 :: [*****] FILE: coruscant.are LINE: 3200
Thu Jan 28 08:25:00 2016 :: [*****] BUG: Get_mob_index: bad vnum 1154.
Thu Jan 28 08:25:00 2016 :: [*****] BOOT: load_room_reset: coruscant.are (1) 'M': mobile 1154 doesn't exist.
Thu Jan 28 08:25:00 2016 :: [*****] FILE: coruscant.are LINE: 3201
Thu Jan 28 08:25:00 2016 :: [*****] BUG: Get_mob_index: bad vnum 1154.
Thu Jan 28 08:25:00 2016 :: [*****] BOOT: load_room_reset: coruscant.are (1) 'M': mobile 1154 doesn't exist.
Thu Jan 28 08:25:00 2016 :: [*****] FILE: coruscant.are LINE: 3225
Thu Jan 28 08:25:00 2016 :: [*****] BUG: Get_mob_index: bad vnum 1154.
Thu Jan 28 08:25:00 2016 :: [*****] BOOT: load_room_reset: coruscant.are (1) 'M': mobile 1154 doesn't exist.
Thu Jan 28 08:25:00 2016 :: [*****] FILE: coruscant.are LINE: 3226
Thu Jan 28 08:25:00 2016 :: [*****] BUG: Get_mob_index: bad vnum 1154.
Thu Jan 28 08:25:00 2016 :: [*****] BOOT: load_room_reset: coruscant.are (1) 'M': mobile 1154 doesn't exist.
Thu Jan 28 08:25:00 2016 :: [*****] FILE: coruscant.are LINE: 3227
Thu Jan 28 08:25:00 2016 :: [*****] BUG: Get_mob_index: bad vnum 1154.
Thu Jan 28 08:25:00 2016 :: [*****] BOOT: load_room_reset: coruscant.are (1) 'M': mobile 1154 doesn't exist.
Thu Jan 28 08:25:00 2016 :: [*****] FILE: coruscant.are LINE: 3228
Thu Jan 28 08:25:00 2016 :: [*****] BUG: Get_mob_index: bad vnum 1154.
Thu Jan 28 08:25:00 2016 :: [*****] BOOT: load_room_reset: coruscant.are (1) 'M': mobile 1154 doesn't exist.
Thu Jan 28 08:25:00 2016 :: [*****] FILE: coruscant.are LINE: 3229
Thu Jan 28 08:25:00 2016 :: [*****] BUG: Get_mob_index: bad vnum 1154.
Thu Jan 28 08:25:00 2016 :: [*****] BOOT: load_room_reset: coruscant.are (1) 'M': mobile 1154 doesn't exist.
Thu Jan 28 08:25:00 2016 :: [*****] FILE: coruscant.are LINE: 3230
Thu Jan 28 08:25:00 2016 :: [*****] BUG: Get_mob_index: bad vnum 1154.
Thu Jan 28 08:25:00 2016 :: [*****] BOOT: load_room_reset: coruscant.are (1) 'M': mobile 1154 doesn't exist.
Thu Jan 28 08:25:00 2016 :: [*****] FILE: coruscant.are LINE: 3231
Thu Jan 28 08:25:00 2016 :: [*****] BUG: Get_mob_index: bad vnum 1154.
Thu Jan 28 08:25:00 2016 :: [*****] BOOT: load_room_reset: coruscant.are (1) 'M': mobile 1154 doesn't exist.
Thu Jan 28 08:25:00 2016 :: [*****] FILE: coruscant.are LINE: 3232
Thu Jan 28 08:25:00 2016 :: [*****] BUG: Get_mob_index: bad vnum 1154.
Thu Jan 28 08:25:00 2016 :: [*****] BOOT: load_room_reset: coruscant.are (1) 'M': mobile 1154 doesn't exist.
Thu Jan 28 08:25:00 2016 :: [*****] FILE: coruscant.are LINE: 3233
Thu Jan 28 08:25:00 2016 :: [*****] BUG: Get_mob_index: bad vnum 1154.
Thu Jan 28 08:25:00 2016 :: [*****] BOOT: load_room_reset: coruscant.are (1) 'M': mobile 1154 doesn't exist.
Thu Jan 28 08:25:00 2016 :: [*****] FILE: coruscant.are LINE: 3234
Thu Jan 28 08:25:00 2016 :: [*****] BUG: Get_mob_index: bad vnum 1154.
Thu Jan 28 08:25:00 2016 :: [*****] BOOT: load_room_reset: coruscant.are (1) 'M': mobile 1154 doesn't exist.
Thu Jan 28 08:25:00 2016 :: [*****] FILE: coruscant.are LINE: 3235
Thu Jan 28 08:25:00 2016 :: [*****] BUG: Get_mob_index: bad vnum 1154.
Thu Jan 28 08:25:00 2016 :: [*****] BOOT: load_room_reset: coruscant.are (1) 'M': mobile 1154 doesn't exist.
Thu Jan 28 08:25:00 2016 :: [*****] FILE: coruscant.are LINE: 3236
Thu Jan 28 08:25:00 2016 :: [*****] BUG: Get_mob_index: bad vnum 1154.
Thu Jan 28 08:25:00 2016 :: [*****] BOOT: load_room_reset: coruscant.are (1) 'M': mobile 1154 doesn't exist.
Thu Jan 28 08:25:00 2016 :: [*****] FILE: coruscant.are LINE: 3237
Thu Jan 28 08:25:00 2016 :: [*****] BUG: Get_mob_index: bad vnum 1154.
Thu Jan 28 08:25:00 2016 :: [*****] BOOT: load_room_reset: coruscant.are (1) 'M': mobile 1154 doesn't exist.
Thu Jan 28 08:25:00 2016 :: [*****] FILE: coruscant.are LINE: 3238
Thu Jan 28 08:25:00 2016 :: [*****] BUG: Get_mob_index: bad vnum 1154.
Thu Jan 28 08:25:00 2016 :: [*****] BOOT: load_room_reset: coruscant.are (1) 'M': mobile 1154 doesn't exist.
Thu Jan 28 08:25:00 2016 :: [*****] FILE: coruscant.are LINE: 3284
Thu Jan 28 08:25:00 2016 :: [*****] BUG: Get_mob_index: bad vnum 1154.
Thu Jan 28 08:25:00 2016 :: [*****] BOOT: load_room_reset: coruscant.are (1) 'M': mobile 1154 doesn't exist.
Thu Jan 28 08:25:00 2016 :: [*****] FILE: coruscant.are LINE: 3285
Thu Jan 28 08:25:00 2016 :: [*****] BUG: Get_mob_index: bad vnum 1154.
Thu Jan 28 08:25:00 2016 :: [*****] BOOT: load_room_reset: coruscant.are (1) 'M': mobile 1154 doesn't exist.
Thu Jan 28 08:25:00 2016 :: [*****] FILE: coruscant.are LINE: 3286
Thu Jan 28 08:25:00 2016 :: [*****] BUG: Get_mob_index: bad vnum 1154.
Thu Jan 28 08:25:00 2016 :: [*****] BOOT: load_room_reset: coruscant.are (1) 'M': mobile 1154 doesn't exist.
Thu Jan 28 08:25:00 2016 :: [*****] FILE: coruscant.are LINE: 3287
Thu Jan 28 08:25:00 2016 :: [*****] BUG: Get_mob_index: bad vnum 1154.
Thu Jan 28 08:25:00 2016 :: [*****] BOOT: load_room_reset: coruscant.are (1) 'M': mobile 1154 doesn't exist.
Thu Jan 28 08:25:00 2016 :: [*****] FILE: coruscant.are LINE: 3306
Thu Jan 28 08:25:00 2016 :: [*****] BUG: Get_mob_index: bad vnum 1154.
Thu Jan 28 08:25:00 2016 :: [*****] BOOT: load_room_reset: coruscant.are (1) 'M': mobile 1154 doesn't exist.
Thu Jan 28 08:25:00 2016 :: [*****] FILE: coruscant.are LINE: 3307
Thu Jan 28 08:25:00 2016 :: [*****] BUG: Get_mob_index: bad vnum 1154.
Thu Jan 28 08:25:00 2016 :: [*****] BOOT: load_room_reset: coruscant.are (1) 'M': mobile 1154 doesn't exist.
Thu Jan 28 08:25:00 2016 :: [*****] FILE: coruscant.are LINE: 3308
Thu Jan 28 08:25:00 2016 :: [*****] BUG: Get_mob_index: bad vnum 1154.
Thu Jan 28 08:25:00 2016 :: [*****] BOOT: load_room_reset: coruscant.are (1) 'M': mobile 1154 doesn't exist.
Thu Jan 28 08:25:00 2016 :: [*****] FILE: coruscant.are LINE: 3309
Thu Jan 28 08:25:00 2016 :: [*****] BUG: Get_mob_index: bad vnum 1154.
Thu Jan 28 08:25:00 2016 :: [*****] BOOT: load_room_reset: coruscant.are (1) 'M': mobile 1154 doesn't exist.
coruscant.are : Rooms:  1050 - 1149  Objs:  1050 - 1149  Mobs:  1050 - 1149
Thu Jan 28 08:25:00 2016 :: [*****] FILE: coruscant2.are LINE: 816
Thu Jan 28 08:25:00 2016 :: [*****] BUG: Get_obj_index: bad vnum 141.
Thu Jan 28 08:25:00 2016 :: [*****] BOOT: load_room_reset: coruscant2.are (1) 'G': object 141 doesn't exist.
Thu Jan 28 08:25:00 2016 :: [*****] FILE: coruscant2.are LINE: 1654
Thu Jan 28 08:25:00 2016 :: [*****] BUG: Get_mob_index: bad vnum 231.
Thu Jan 28 08:25:00 2016 :: [*****] BOOT: load_room_reset: coruscant2.are (1) 'M': mobile 231 doesn't exist.
Thu Jan 28 08:25:00 2016 :: [*****] FILE: coruscant2.are LINE: 1979
Thu Jan 28 08:25:00 2016 :: [*****] BUG: Get_obj_index: bad vnum 1926.
Thu Jan 28 08:25:00 2016 :: [*****] BOOT: load_room_reset: coruscant2.are (1) 'O': object 1926 doesn't exist.
Thu Jan 28 08:25:00 2016 :: [*****] FILE: coruscant2.are LINE: 1981
Thu Jan 28 08:25:00 2016 :: [*****] BUG: Get_obj_index: bad vnum 1926.
Thu Jan 28 08:25:00 2016 :: [*****] BOOT: load_room_reset: coruscant2.are (1) 'O': object 1926 doesn't exist.
Thu Jan 28 08:25:00 2016 :: [*****] FILE: coruscant2.are LINE: 2069
Thu Jan 28 08:25:00 2016 :: [*****] BUG: Get_obj_index: bad vnum 136.
Thu Jan 28 08:25:00 2016 :: [*****] BOOT: load_room_reset: coruscant2.are (1) 'G': object 136 doesn't exist.
Thu Jan 28 08:25:00 2016 :: [*****] FILE: coruscant2.are LINE: 2070
Thu Jan 28 08:25:00 2016 :: [*****] BUG: Get_obj_index: bad vnum 137.
Thu Jan 28 08:25:00 2016 :: [*****] BOOT: load_room_reset: coruscant2.are (1) 'G': object 137 doesn't exist.
Thu Jan 28 08:25:00 2016 :: [*****] FILE: coruscant2.are LINE: 2071
Thu Jan 28 08:25:00 2016 :: [*****] BUG: Get_obj_index: bad vnum 138.
Thu Jan 28 08:25:00 2016 :: [*****] BOOT: load_room_reset: coruscant2.are (1) 'G': object 138 doesn't exist.
Thu Jan 28 08:25:00 2016 :: [*****] FILE: coruscant2.are LINE: 2072
Thu Jan 28 08:25:00 2016 :: [*****] BUG: Get_obj_index: bad vnum 139.
Thu Jan 28 08:25:00 2016 :: [*****] BOOT: load_room_reset: coruscant2.are (1) 'G': object 139 doesn't exist.
Thu Jan 28 08:25:00 2016 :: [*****] FILE: coruscant2.are LINE: 2073
Thu Jan 28 08:25:00 2016 :: [*****] BUG: Get_obj_index: bad vnum 140.
Thu Jan 28 08:25:00 2016 :: [*****] BOOT: load_room_reset: coruscant2.are (1) 'G': object 140 doesn't exist.
Thu Jan 28 08:25:00 2016 :: [*****] FILE: coruscant2.are LINE: 2074
Thu Jan 28 08:25:00 2016 :: [*****] BUG: Get_obj_index: bad vnum 141.
Thu Jan 28 08:25:00 2016 :: [*****] BOOT: load_room_reset: coruscant2.are (1) 'G': object 141 doesn't exist.
Thu Jan 28 08:25:00 2016 :: [*****] FILE: coruscant2.are LINE: 2075
Thu Jan 28 08:25:00 2016 :: [*****] BUG: Get_obj_index: bad vnum 142.
Thu Jan 28 08:25:00 2016 :: [*****] BOOT: load_room_reset: coruscant2.are (1) 'G': object 142 doesn't exist.
Thu Jan 28 08:25:00 2016 :: [*****] FILE: coruscant2.are LINE: 2076
Thu Jan 28 08:25:00 2016 :: [*****] BUG: Get_obj_index: bad vnum 143.
Thu Jan 28 08:25:00 2016 :: [*****] BOOT: load_room_reset: coruscant2.are (1) 'G': object 143 doesn't exist.
Thu Jan 28 08:25:00 2016 :: [*****] FILE: coruscant2.are LINE: 2077
Thu Jan 28 08:25:00 2016 :: [*****] BUG: Get_obj_index: bad vnum 144.
Thu Jan 28 08:25:00 2016 :: [*****] BOOT: load_room_reset: coruscant2.are (1) 'G': object 144 doesn't exist.
Thu Jan 28 08:25:00 2016 :: [*****] FILE: coruscant2.are LINE: 2078
Thu Jan 28 08:25:00 2016 :: [*****] BUG: Get_obj_index: bad vnum 145.
Thu Jan 28 08:25:00 2016 :: [*****] BOOT: load_room_reset: coruscant2.are (1) 'G': object 145 doesn't exist.
Thu Jan 28 08:25:00 2016 :: [*****] FILE: coruscant2.are LINE: 2079
Thu Jan 28 08:25:00 2016 :: [*****] BUG: Get_obj_index: bad vnum 146.
Thu Jan 28 08:25:00 2016 :: [*****] BOOT: load_room_reset: coruscant2.are (1) 'G': object 146 doesn't exist.
Thu Jan 28 08:25:00 2016 :: [*****] FILE: coruscant2.are LINE: 2080
Thu Jan 28 08:25:00 2016 :: [*****] BUG: Get_obj_index: bad vnum 147.
Thu Jan 28 08:25:00 2016 :: [*****] BOOT: load_room_reset: coruscant2.are (1) 'G': object 147 doesn't exist.
Thu Jan 28 08:25:00 2016 :: [*****] FILE: coruscant2.are LINE: 2081
Thu Jan 28 08:25:00 2016 :: [*****] BUG: Get_obj_index: bad vnum 148.
Thu Jan 28 08:25:00 2016 :: [*****] BOOT: load_room_reset: coruscant2.are (1) 'G': object 148 doesn't exist.
Thu Jan 28 08:25:00 2016 :: [*****] FILE: coruscant2.are LINE: 2097
Thu Jan 28 08:25:00 2016 :: [*****] BUG: Get_mob_index: bad vnum 119.
Thu Jan 28 08:25:00 2016 :: [*****] BOOT: load_room_reset: coruscant2.are (1) 'M': mobile 119 doesn't exist.
coruscant2.are: Rooms:  1150 - 1249  Objs:  1150 - 1249  Mobs:  1150 - 1249
newbie.are    : Rooms:   115 - 190   Objs:   115 - 190   Mobs:   115 - 190
Thu Jan 28 08:25:00 2016 :: [*****] FILE: Yavin.are LINE: 1483
Thu Jan 28 08:25:00 2016 :: [*****] BUG: Get_obj_index: bad vnum 9746.
Thu Jan 28 08:25:00 2016 :: [*****] BOOT: load_room_reset: Yavin.are (1) 'O': object 9746 doesn't exist.
Yavin.are     : Rooms:  1850 - 2001  Objs:  1850 - 2000  Mobs:  1850 - 2000
byss.are      : Rooms:  2501 - 4449  Objs:  2501 - 4499  Mobs:  2501 - 4449
Thu Jan 28 08:25:00 2016 :: [*****] FILE: coruscant3.are LINE: 1276
Thu Jan 28 08:25:00 2016 :: [*****] BUG: Get_obj_index: bad vnum 18016.
Thu Jan 28 08:25:00 2016 :: [*****] BOOT: load_room_reset: coruscant3.are (1) 'O': object 18016 doesn't exist.
coruscant3.are: Rooms:  7500 - 7650  Objs:  7500 - 7650  Mobs:  7500 - 7650
OrdMantell.are: Rooms:  9000 - 9500  Objs:  9000 - 9500  Mobs:  9000 - 9500
calamari.are  : Rooms:  9701 - 10000 Objs:  9701 - 10000 Mobs:  9701 - 10000
apprentice.are: Rooms:  7651 - 7800  Objs:  7655 - 7800  Mobs:  7653 - 7800
guild.are     : Rooms:   227 - 249   Objs:   227 - 249   Mobs:   227 - 249
jedi.are      : Rooms:  4500 - 4549  Objs:  4500 - 4549  Mobs:  4500 - 4549
sith.are      : Rooms:   650 - 699   Objs:   650 - 699   Mobs:   650 - 699
bespin.are    : Rooms: 29000 - 29999 Objs: 29000 - 29999 Mobs: 29000 - 29999
endor.are     : Rooms:  4550 - 4900  Objs:  4550 - 4900  Mobs:  4550 - 4900
kashyyyk.are  : Rooms: 28600 - 28999 Objs: 28600 - 28999 Mobs: 28600 - 28999
korriban.are  : Rooms: 10701 - 10900 Objs: 10701 - 10900 Mobs: 10701 - 10900
nalhutta.are  : Rooms:  7801 - 7900  Objs:  7801 - 7900  Mobs:  7801 - 7900
Corellia.are  : Rooms: 10151 - 10500 Objs: 10151 - 10500 Mobs: 10151 - 10500
shipvnum.are  : Rooms: 100000 - 150000 Objs: 100000 - 150000 Mobs: 100000 - 150000
Thu Jan 28 08:25:00 2016 :: [*****] FILE: narshaddaa.are LINE: 1094
Thu Jan 28 08:25:00 2016 :: [*****] BUG: Get_obj_index: bad vnum 4916.
Thu Jan 28 08:25:00 2016 :: [*****] BOOT: load_room_reset: narshaddaa.are (1) 'G': object 4916 doesn't exist.
narshaddaa.are: Rooms: 11051 - 11250 Objs: 11051 - 11250 Mobs: 11051 - 11250
pubtrans.are  : Rooms:   900 - 999   Objs:   900 - 999   Mobs:   900 - 999
silenceindustries.are: Rooms: 10501 - 10575 Objs: 10501 - 10575 Mobs: 10501 - 10575
bakura.are    : Rooms: 18001 - 18201 Objs: 18001 - 18201 Mobs: 18001 - 18201
Afelmines.are : Rooms:  9501 - 9700  Objs:  9501 - 9700  Mobs:  9501 - 9700
newcoru.are   : Rooms: 19000 - 19999 Objs: 19000 - 19999 Mobs: 19000 - 19999
Honoghr.are   : Rooms:  8000 - 8199  Objs:  8000 - 8199  Mobs:  8000 - 8199
newcorellia.are: Rooms:  4901 - 5200  Objs:  4901 - 5200  Mobs:  4901 - 5200
newkashyyyk.are: Rooms:  5201 - 5300  Objs:  5201 - 5300  Mobs:  5201 - 5300
asteroid1.are : Rooms: 18202 - 18225 Objs: 18202 - 18225 Mobs: 18202 - 18225
asteroid2.are : Rooms: 18226 - 18235 Objs: 18226 - 18235 Mobs: 18226 - 18235
asteroid3.are : Rooms: 18236 - 18240 Objs: 18236 - 18240 Mobs: 18236 - 18240
Bilbringi.are : Rooms: 10901 - 11000 Objs: 10901 - 11000 Mobs: 10901 - 11000
Thu Jan 28 08:25:00 2016 :: Fixing exits
Thu Jan 28 08:25:00 2016 :: Initializing economy
Thu Jan 28 08:25:00 2016 :: Loading buildlist
Thu Jan 28 08:25:00 2016 :: ../gods/User
Thu Jan 28 08:25:00 2016 :: Loading boards
Thu Jan 28 08:25:00 2016 :: ../boards/student.board
Thu Jan 28 08:25:00 2016 :: ../boards/imm_monitor
Thu Jan 28 08:25:00 2016 :: ../boards/quest.board
Thu Jan 28 08:25:00 2016 :: ../boards/galactic_net
Thu Jan 28 08:25:00 2016 :: ../boards/mail_net
Thu Jan 28 08:25:00 2016 :: ../boards/hguild.brd
Thu Jan 28 08:25:00 2016 :: ../boards/hyperterminal
Thu Jan 28 08:25:00 2016 :: ../boards/1141
Thu Jan 28 08:25:00 2016 :: ../boards/contest.board
Thu Jan 28 08:25:00 2016 :: ../boards/imperialboard.board
Thu Jan 28 08:25:00 2016 :: ../boards/builders board
Thu Jan 28 08:25:00 2016 :: ../boards/imperial.brd
Thu Jan 28 08:25:00 2016 :: Loading clans...
Thu Jan 28 08:25:00 2016 :: empire.clan
Thu Jan 28 08:25:00 2016 :: Storeroom not found
Thu Jan 28 08:25:00 2016 :: republic.clan
Thu Jan 28 08:25:00 2016 :: Storeroom not found
Thu Jan 28 08:25:00 2016 :: hunters.guild
Thu Jan 28 08:25:00 2016 :: Storeroom not found
Thu Jan 28 08:25:00 2016 :: SI.gu
Thu Jan 28 08:25:00 2016 :: Storeroom not found
Thu Jan 28 08:25:00 2016 :: neutral.clan
Thu Jan 28 08:25:00 2016 :: Storeroom not found
Thu Jan 28 08:25:00 2016 :: marauder.cr
Thu Jan 28 08:25:00 2016 :: Storeroom not found
Thu Jan 28 08:25:00 2016 :: galspan.corp
Thu Jan 28 08:25:00 2016 :: Storeroom not found
Thu Jan 28 08:25:00 2016 :: $
Thu Jan 28 08:25:00 2016 :: Done clans
Sorting clans....
Thu Jan 28 08:25:00 2016 ::  Done sorting
Thu Jan 28 08:25:00 2016 :: Loading senate
Thu Jan 28 08:25:00 2016 :: Loading bans
Thu Jan 28 08:25:00 2016 :: Loading slay table
Thu Jan 28 08:25:00 2016 :: Loading corpses
Thu Jan 28 08:25:00 2016 :: Loading space
Thu Jan 28 08:25:00 2016 :: Loading space...
Thu Jan 28 08:25:00 2016 ::  Done starsystems 
Thu Jan 28 08:25:00 2016 :: Loading ships
Thu Jan 28 08:25:00 2016 :: Loading ships...
Thu Jan 28 08:25:00 2016 ::  Done ships 
Thu Jan 28 08:25:00 2016 :: Loading bounties
Thu Jan 28 08:25:00 2016 :: Loading disintegrations...
Thu Jan 28 08:25:00 2016 ::  Done bounties 
Thu Jan 28 08:25:00 2016 :: Loading governments
Thu Jan 28 08:25:00 2016 :: Loading planets...
Thu Jan 28 08:25:00 2016 :: Coruscant.pl
Thu Jan 28 08:25:00 2016 :: [*****] BUG: Fread_planet: no match: Resource
Thu Jan 28 08:25:00 2016 :: [*****] BUG: Fread_planet: no match: Resource
Thu Jan 28 08:25:00 2016 :: [*****] BUG: Fread_planet: no match: Resource
Thu Jan 28 08:25:00 2016 :: [*****] BUG: Fread_planet: no match: Resource
Thu Jan 28 08:25:00 2016 :: [*****] BUG: Fread_planet: no match: Resource
Thu Jan 28 08:25:00 2016 :: [*****] BUG: Fread_planet: no match: Resource
Thu Jan 28 08:25:00 2016 :: [*****] BUG: Fread_planet: no match: Resource
Thu Jan 28 08:25:00 2016 :: Yavin.pl
Thu Jan 28 08:25:00 2016 :: [*****] BUG: Fread_planet: no match: Resource
Thu Jan 28 08:25:00 2016 :: [*****] BUG: Fread_planet: no match: Resource
Thu Jan 28 08:25:00 2016 :: [*****] BUG: Fread_planet: no match: Resource
Thu Jan 28 08:25:00 2016 :: [*****] BUG: Fread_planet: no match: Resource
Thu Jan 28 08:25:00 2016 :: [*****] BUG: Fread_planet: no match: Resource
Thu Jan 28 08:25:00 2016 :: [*****] BUG: Fread_planet: no match: Resource
Thu Jan 28 08:25:00 2016 :: [*****] BUG: Fread_planet: no match: Resource
Thu Jan 28 08:25:00 2016 :: Tatooine.pl
Thu Jan 28 08:25:00 2016 :: [*****] BUG: Fread_planet: no match: Resource
Thu Jan 28 08:25:00 2016 :: [*****] BUG: Fread_planet: no match: Resource
Thu Jan 28 08:25:00 2016 :: [*****] BUG: Fread_planet: no match: Resource
Thu Jan 28 08:25:00 2016 :: [*****] BUG: Fread_planet: no match: Resource
Thu Jan 28 08:25:00 2016 :: [*****] BUG: Fread_planet: no match: Resource
Thu Jan 28 08:25:00 2016 :: [*****] BUG: Fread_planet: no match: Resource
Thu Jan 28 08:25:00 2016 :: [*****] BUG: Fread_planet: no match: Resource
Thu Jan 28 08:25:00 2016 :: Kashyyyk.pl
Thu Jan 28 08:25:00 2016 :: [*****] BUG: Fread_planet: no match: Resource
Thu Jan 28 08:25:00 2016 :: [*****] BUG: Fread_planet: no match: Resource
Thu Jan 28 08:25:00 2016 :: [*****] BUG: Fread_planet: no match: Resource
Thu Jan 28 08:25:00 2016 :: [*****] BUG: Fread_planet: no match: Resource
Thu Jan 28 08:25:00 2016 :: [*****] BUG: Fread_planet: no match: Resource
Thu Jan 28 08:25:00 2016 :: [*****] BUG: Fread_planet: no match: Resource
Thu Jan 28 08:25:00 2016 :: [*****] BUG: Fread_planet: no match: Resource
Thu Jan 28 08:25:00 2016 :: Moncalamari.pl
Thu Jan 28 08:25:00 2016 :: [*****] BUG: Fread_planet: no match: Resource
Thu Jan 28 08:25:00 2016 :: [*****] BUG: Fread_planet: no match: Resource
Thu Jan 28 08:25:00 2016 :: [*****] BUG: Fread_planet: no match: Resource
Thu Jan 28 08:25:00 2016 :: [*****] BUG: Fread_planet: no match: Resource
Thu Jan 28 08:25:00 2016 :: [*****] BUG: Fread_planet: no match: Resource
Thu Jan 28 08:25:00 2016 :: [*****] BUG: Fread_planet: no match: Resource
Thu Jan 28 08:25:00 2016 :: [*****] BUG: Fread_planet: no match: Resource
Thu Jan 28 08:25:00 2016 :: Endor.pl
Thu Jan 28 08:25:00 2016 :: [*****] BUG: Fread_planet: no match: Resource
Thu Jan 28 08:25:00 2016 :: [*****] BUG: Fread_planet: no match: Resource
Thu Jan 28 08:25:00 2016 :: [*****] BUG: Fread_planet: no match: Resource
Thu Jan 28 08:25:00 2016 :: [*****] BUG: Fread_planet: no match: Resource
Thu Jan 28 08:25:00 2016 :: [*****] BUG: Fread_planet: no match: Resource
Thu Jan 28 08:25:00 2016 :: [*****] BUG: Fread_planet: no match: Resource
Thu Jan 28 08:25:00 2016 :: [*****] BUG: Fread_planet: no match: Resource
Thu Jan 28 08:25:00 2016 :: Ordmantell.pl
Thu Jan 28 08:25:00 2016 :: [*****] BUG: Fread_planet: no match: Resource
Thu Jan 28 08:25:00 2016 :: [*****] BUG: Fread_planet: no match: Resource
Thu Jan 28 08:25:00 2016 :: [*****] BUG: Fread_planet: no match: Resource
Thu Jan 28 08:25:00 2016 :: [*****] BUG: Fread_planet: no match: Resource
Thu Jan 28 08:25:00 2016 :: [*****] BUG: Fread_planet: no match: Resource
Thu Jan 28 08:25:00 2016 :: [*****] BUG: Fread_planet: no match: Resource
Thu Jan 28 08:25:00 2016 :: [*****] BUG: Fread_planet: no match: Resource
Thu Jan 28 08:25:00 2016 :: Nalhutta.pl
Thu Jan 28 08:25:00 2016 :: [*****] BUG: Fread_planet: no match: Resource
Thu Jan 28 08:25:00 2016 :: [*****] BUG: Fread_planet: no match: Resource
Thu Jan 28 08:25:00 2016 :: [*****] BUG: Fread_planet: no match: Resource
Thu Jan 28 08:25:00 2016 :: [*****] BUG: Fread_planet: no match: Resource
Thu Jan 28 08:25:00 2016 :: [*****] BUG: Fread_planet: no match: Resource
Thu Jan 28 08:25:00 2016 :: [*****] BUG: Fread_planet: no match: Resource
Thu Jan 28 08:25:00 2016 :: [*****] BUG: Fread_planet: no match: Resource
Thu Jan 28 08:25:00 2016 :: Corellia.pl
Thu Jan 28 08:25:00 2016 :: [*****] BUG: Fread_planet: no match: Resource
Thu Jan 28 08:25:00 2016 :: [*****] BUG: Fread_planet: no match: Resource
Thu Jan 28 08:25:00 2016 :: [*****] BUG: Fread_planet: no match: Resource
Thu Jan 28 08:25:00 2016 :: [*****] BUG: Fread_planet: no match: Resource
Thu Jan 28 08:25:00 2016 :: [*****] BUG: Fread_planet: no match: Resource
Thu Jan 28 08:25:00 2016 :: [*****] BUG: Fread_planet: no match: Resource
Thu Jan 28 08:25:00 2016 :: [*****] BUG: Fread_planet: no match: Resource
Thu Jan 28 08:25:00 2016 :: Thorne.pl
Thu Jan 28 08:25:00 2016 :: [*****] BUG: Fread_planet: no match: Resource
Thu Jan 28 08:25:00 2016 :: [*****] BUG: Fread_planet: no match: Resource
Thu Jan 28 08:25:00 2016 :: [*****] BUG: Fread_planet: no match: Resource
Thu Jan 28 08:25:00 2016 :: [*****] BUG: Fread_planet: no match: Resource
Thu Jan 28 08:25:00 2016 :: [*****] BUG: Fread_planet: no match: Resource
Thu Jan 28 08:25:00 2016 :: [*****] BUG: Fread_planet: no match: Resource
Thu Jan 28 08:25:00 2016 :: [*****] BUG: Fread_planet: no match: Resource
Thu Jan 28 08:25:00 2016 :: bakura.pl
Thu Jan 28 08:25:00 2016 :: [*****] BUG: Fread_planet: no match: Resource
Thu Jan 28 08:25:00 2016 :: [*****] BUG: Fread_planet: no match: Resource
Thu Jan 28 08:25:00 2016 :: [*****] BUG: Fread_planet: no match: Resource
Thu Jan 28 08:25:00 2016 :: [*****] BUG: Fread_planet: no match: Resource
Thu Jan 28 08:25:00 2016 :: [*****] BUG: Fread_planet: no match: Resource
Thu Jan 28 08:25:00 2016 :: [*****] BUG: Fread_planet: no match: Resource
Thu Jan 28 08:25:00 2016 :: [*****] BUG: Fread_planet: no match: Resource
Thu Jan 28 08:25:00 2016 :: XN1224-a.planet
Thu Jan 28 08:25:00 2016 :: [*****] BUG: Fread_planet: no match: Resource
Thu Jan 28 08:25:00 2016 :: [*****] BUG: Fread_planet: no match: Resource
Thu Jan 28 08:25:00 2016 :: [*****] BUG: Fread_planet: no match: Resource
Thu Jan 28 08:25:00 2016 :: [*****] BUG: Fread_planet: no match: Resource
Thu Jan 28 08:25:00 2016 :: [*****] BUG: Fread_planet: no match: Resource
Thu Jan 28 08:25:00 2016 :: [*****] BUG: Fread_planet: no match: Resource
Thu Jan 28 08:25:00 2016 :: [*****] BUG: Fread_planet: no match: Resource
Thu Jan 28 08:25:00 2016 :: HP9015-l.planet
Thu Jan 28 08:25:00 2016 :: [*****] BUG: Fread_planet: no match: Resource
Thu Jan 28 08:25:00 2016 :: [*****] BUG: Fread_planet: no match: Resource
Thu Jan 28 08:25:00 2016 :: [*****] BUG: Fread_planet: no match: Resource
Thu Jan 28 08:25:00 2016 :: [*****] BUG: Fread_planet: no match: Resource
Thu Jan 28 08:25:00 2016 :: [*****] BUG: Fread_planet: no match: Resource
Thu Jan 28 08:25:00 2016 :: [*****] BUG: Fread_planet: no match: Resource
Thu Jan 28 08:25:00 2016 :: [*****] BUG: Fread_planet: no match: Resource
Thu Jan 28 08:25:00 2016 :: $
Thu Jan 28 08:25:00 2016 ::  Done planets 
Thu Jan 28 08:25:00 2016 :: Resetting areas
Resetting: limbo.are
Resetting: omni_complex
Resetting: menarispaceport
Resetting: tatooine.are
Resetting: misc.are
Resetting: coruscant.are
Thu Jan 28 08:25:00 2016 :: [*****] BUG: Equip_char: already equipped (A Imperial Guard, 16).
Thu Jan 28 08:25:00 2016 :: [*****] BUG: Equip_char: already equipped (A Imperial Guard, 16).
Thu Jan 28 08:25:00 2016 :: [*****] BUG: Equip_char: already equipped (A Imperial Guard, 16).
Thu Jan 28 08:25:00 2016 :: [*****] BUG: Equip_char: already equipped (A Imperial Guard, 16).
Thu Jan 28 08:25:00 2016 :: [*****] BUG: Equip_char: already equipped (A Imperial Guard, 16).
Thu Jan 28 08:25:00 2016 :: [*****] BUG: Equip_char: already equipped (A Imperial Guard, 16).
Thu Jan 28 08:25:00 2016 :: [*****] BUG: Equip_char: already equipped (A Imperial Guard, 16).
Resetting: coruscant2.are
Resetting: newbie.are
Resetting: Yavin.are
Resetting: byss.are
Resetting: coruscant3.are
Resetting: OrdMantell.are
Resetting: calamari.are
Resetting: apprentice.are
Resetting: guild.are
Resetting: jedi.are
Resetting: sith.are
Resetting: bespin.are
Resetting: endor.are
Resetting: kashyyyk.are
Resetting: korriban.are
Resetting: nalhutta.are
Resetting: Corellia.are
Resetting: shipvnum.are
Resetting: narshaddaa.are
Resetting: pubtrans.are
Resetting: silenceindustries.are
Resetting: bakura.are
Resetting: Afelmines.are
Resetting: newcoru.are
Resetting: Honoghr.are
Resetting: newcorellia.are
Resetting: newkashyyyk.are
Resetting: asteroid1.are
Resetting: asteroid2.are
Resetting: asteroid3.are
Resetting: Bilbringi.are
Thu Jan 28 08:25:00 2016 :: Making new blackmarket list.
Thu Jan 28 08:25:00 2016 :: Initializing socket
Thu Jan 28 08:25:00 2016 :: FotE ready on port 8000.
Resetting: newbie.are
Resetting: newbie.are
Resetting: newbie.are
Resetting: newbie.are
Resetting: newbie.are
Resetting: newbie.are
Resetting: newbie.are
Resetting: newbie.are
Resetting: nalhutta.are
Thu Jan 28 08:32:40 2016 :: Sock.sinaddr:  59.127.114.233, port -18273.
Thu Jan 28 08:32:51 2016 :: EOF encountered on read.
Thu Jan 28 08:32:51 2016 :: Closing link to Root.
Thu Jan 28 08:32:51 2016 :: [*****] BUG: &RSTRFREE called on str_dup pointer: db.c, line 3001
Thu Jan 28 08:32:51 2016 :: Attempting to correct.
Resetting: newbie.are
Thu Jan 28 08:32:51 2016 :: Sock.sinaddr:  59.127.114.233, port -18213.
Thu Jan 28 08:33:02 2016 :: EOF encountered on read.
Thu Jan 28 08:33:02 2016 :: Closing link to Admin.
Thu Jan 28 08:33:02 2016 :: [*****] BUG: &RSTRFREE called on str_dup pointer: db.c, line 3001
Thu Jan 28 08:33:02 2016 :: Attempting to correct.
Thu Jan 28 08:33:03 2016 :: Sock.sinaddr:  59.127.114.233, port -18170.
Thu Jan 28 08:33:14 2016 :: EOF encountered on read.
Thu Jan 28 08:33:14 2016 :: Closing link to Root.
Thu Jan 28 08:33:14 2016 :: [*****] BUG: &RSTRFREE called on str_dup pointer: db.c, line 3001
Thu Jan 28 08:33:14 2016 :: Attempting to correct.
Thu Jan 28 08:33:14 2016 :: Sock.sinaddr:  59.127.114.233, port -18126.
Thu Jan 28 08:33:25 2016 :: EOF encountered on read.
Thu Jan 28 08:33:25 2016 :: Closing link to Root.
Thu Jan 28 08:33:25 2016 :: [*****] BUG: &RSTRFREE called on str_dup pointer: db.c, line 3001
Thu Jan 28 08:33:25 2016 :: Attempting to correct.
Thu Jan 28 08:33:26 2016 :: Sock.sinaddr:  59.127.114.233, port -18085.
Thu Jan 28 08:33:37 2016 :: EOF encountered on read.
Thu Jan 28 08:33:37 2016 :: Closing link to Root.
Thu Jan 28 08:33:37 2016 :: [*****] BUG: &RSTRFREE called on str_dup pointer: db.c, line 3001
Thu Jan 28 08:33:37 2016 :: Attempting to correct.
Thu Jan 28 08:33:37 2016 :: Sock.sinaddr:  59.127.114.233, port -18024.
Thu Jan 28 08:33:48 2016 :: EOF encountered on read.
Thu Jan 28 08:33:48 2016 :: Closing link to Root.
Thu Jan 28 08:33:48 2016 :: [*****] BUG: &RSTRFREE called on str_dup pointer: db.c, line 3001
Thu Jan 28 08:33:48 2016 :: Attempting to correct.
Thu Jan 28 08:33:49 2016 :: Sock.sinaddr:  59.127.114.233, port -17984.
Thu Jan 28 08:34:00 2016 :: EOF encountered on read.
Thu Jan 28 08:34:00 2016 :: Closing link to Admin.
Thu Jan 28 08:34:00 2016 :: [*****] BUG: &RSTRFREE called on str_dup pointer: db.c, line 3001
Thu Jan 28 08:34:00 2016 :: Attempting to correct.
Thu Jan 28 08:34:00 2016 :: Sock.sinaddr:  59.127.114.233, port -17945.
Thu Jan 28 08:34:11 2016 :: EOF encountered on read.
Thu Jan 28 08:34:11 2016 :: Closing link to Root.
Thu Jan 28 08:34:11 2016 :: [*****] BUG: &RSTRFREE called on str_dup pointer: db.c, line 3001
Thu Jan 28 08:34:11 2016 :: Attempting to correct.
Thu Jan 28 08:34:12 2016 :: Sock.sinaddr:  59.127.114.233, port -17909.
Resetting: newbie.are
Thu Jan 28 08:34:23 2016 :: EOF encountered on read.
Thu Jan 28 08:34:23 2016 :: Closing link to Admin.
Thu Jan 28 08:34:23 2016 :: [*****] BUG: &RSTRFREE called on str_dup pointer: db.c, line 3001
Thu Jan 28 08:34:23 2016 :: Attempting to correct.
Thu Jan 28 08:34:23 2016 :: Sock.sinaddr:  59.127.114.233, port -19740.
Thu Jan 28 08:34:35 2016 :: EOF encountered on read.
Thu Jan 28 08:34:35 2016 :: Closing link to Admin.
Thu Jan 28 08:34:35 2016 :: [*****] BUG: &RSTRFREE called on str_dup pointer: db.c, line 3001
Thu Jan 28 08:34:35 2016 :: Attempting to correct.
Thu Jan 28 08:34:35 2016 :: Sock.sinaddr:  59.127.114.233, port -19687.
Thu Jan 28 08:34:46 2016 :: EOF encountered on read.
Thu Jan 28 08:34:46 2016 :: Closing link to Guest.
Thu Jan 28 08:34:46 2016 :: [*****] BUG: &RSTRFREE called on str_dup pointer: db.c, line 3001
Thu Jan 28 08:34:46 2016 :: Attempting to correct.
Thu Jan 28 08:34:46 2016 :: Sock.sinaddr:  59.127.114.233, port -19652.
Thu Jan 28 08:34:57 2016 :: EOF encountered on read.
Thu Jan 28 08:34:57 2016 :: Closing link to Guest.
Thu Jan 28 08:34:57 2016 :: [*****] BUG: &RSTRFREE called on str_dup pointer: db.c, line 3001
Thu Jan 28 08:34:57 2016 :: Attempting to correct.
Thu Jan 28 08:34:58 2016 :: Sock.sinaddr:  59.127.114.233, port -19612.
Thu Jan 28 08:35:09 2016 :: EOF encountered on read.
Thu Jan 28 08:35:09 2016 :: Closing link to Root.
Thu Jan 28 08:35:09 2016 :: [*****] BUG: &RSTRFREE called on str_dup pointer: db.c, line 3001
Thu Jan 28 08:35:09 2016 :: Attempting to correct.
Thu Jan 28 08:35:09 2016 :: Sock.sinaddr:  59.127.114.233, port -19562.
Thu Jan 28 08:35:20 2016 :: EOF encountered on read.
Thu Jan 28 08:35:20 2016 :: Closing link to Root.
Thu Jan 28 08:35:20 2016 :: [*****] BUG: &RSTRFREE called on str_dup pointer: db.c, line 3001
Thu Jan 28 08:35:20 2016 :: Attempting to correct.
Thu Jan 28 08:35:20 2016 :: Sock.sinaddr:  59.127.114.233, port -19528.
Thu Jan 28 08:35:31 2016 :: EOF encountered on read.
Thu Jan 28 08:35:31 2016 :: Closing link to Root.
Thu Jan 28 08:35:31 2016 :: [*****] BUG: &RSTRFREE called on str_dup pointer: db.c, line 3001
Thu Jan 28 08:35:31 2016 :: Attempting to correct.
Thu Jan 28 08:35:32 2016 :: Sock.sinaddr:  59.127.114.233, port -19497.
Resetting: limbo.are
Resetting: tatooine.are
Resetting: misc.are
Resetting: newbie.are
Resetting: jedi.are
Resetting: bespin.are
Resetting: shipvnum.are
Resetting: narshaddaa.are
Resetting: Afelmines.are
Resetting: newcoru.are
Resetting: asteroid1.are
Thu Jan 28 08:35:43 2016 :: EOF encountered on read.
Thu Jan 28 08:35:43 2016 :: Closing link to Root.
Thu Jan 28 08:35:43 2016 :: [*****] BUG: &RSTRFREE called on str_dup pointer: db.c, line 3001
Thu Jan 28 08:35:43 2016 :: Attempting to correct.
Thu Jan 28 08:35:43 2016 :: Sock.sinaddr:  59.127.114.233, port -19464.
Thu Jan 28 08:35:54 2016 :: EOF encountered on read.
Thu Jan 28 08:35:54 2016 :: Closing link to Root.
Thu Jan 28 08:35:54 2016 :: [*****] BUG: &RSTRFREE called on str_dup pointer: db.c, line 3001
Thu Jan 28 08:35:54 2016 :: Attempting to correct.
Thu Jan 28 08:35:54 2016 :: Sock.sinaddr:  59.127.114.233, port -19425.
Thu Jan 28 08:36:05 2016 :: EOF encountered on read.
Thu Jan 28 08:36:05 2016 :: Closing link to Root.
Thu Jan 28 08:36:05 2016 :: [*****] BUG: &RSTRFREE called on str_dup pointer: db.c, line 3001
Thu Jan 28 08:36:05 2016 :: Attempting to correct.
Thu Jan 28 08:36:06 2016 :: Sock.sinaddr:  59.127.114.233, port -19382.
Thu Jan 28 08:36:17 2016 :: EOF encountered on read.
Thu Jan 28 08:36:17 2016 :: Closing link to Root.
Thu Jan 28 08:36:17 2016 :: [*****] BUG: &RSTRFREE called on str_dup pointer: db.c, line 3001
Thu Jan 28 08:36:17 2016 :: Attempting to correct.
Thu Jan 28 08:36:17 2016 :: Sock.sinaddr:  59.127.114.233, port -19347.
Thu Jan 28 08:36:28 2016 :: EOF encountered on read.
Thu Jan 28 08:36:28 2016 :: Closing link to Admin.
Thu Jan 28 08:36:28 2016 :: [*****] BUG: &RSTRFREE called on str_dup pointer: db.c, line 3001
Thu Jan 28 08:36:28 2016 :: Attempting to correct.
Thu Jan 28 08:36:28 2016 :: Sock.sinaddr:  59.127.114.233, port -19315.
Resetting: newbie.are
Resetting: Yavin.are
Resetting: coruscant3.are
Resetting: apprentice.are
Resetting: sith.are
Resetting: korriban.are
Resetting: pubtrans.are
Resetting: newcorellia.are
Resetting: newkashyyyk.are
Resetting: asteroid3.are
Thu Jan 28 08:36:39 2016 :: EOF encountered on read.
Thu Jan 28 08:36:39 2016 :: Closing link to Admin.
Thu Jan 28 08:36:39 2016 :: [*****] BUG: &RSTRFREE called on str_dup pointer: db.c, line 3001
Thu Jan 28 08:36:39 2016 :: Attempting to correct.
Thu Jan 28 08:36:40 2016 :: Sock.sinaddr:  59.127.114.233, port -19289.
Thu Jan 28 08:36:51 2016 :: EOF encountered on read.
Thu Jan 28 08:36:51 2016 :: Closing link to Admin.
Thu Jan 28 08:36:51 2016 :: [*****] BUG: &RSTRFREE called on str_dup pointer: db.c, line 3001
Thu Jan 28 08:36:51 2016 :: Attempting to correct.
Thu Jan 28 08:36:51 2016 :: Sock.sinaddr:  59.127.114.233, port -19261.
Thu Jan 28 08:37:02 2016 :: EOF encountered on read.
Thu Jan 28 08:37:02 2016 :: Closing link to Admin.
Thu Jan 28 08:37:02 2016 :: [*****] BUG: &RSTRFREE called on str_dup pointer: db.c, line 3001
Thu Jan 28 08:37:02 2016 :: Attempting to correct.
Thu Jan 28 08:37:02 2016 :: Sock.sinaddr:  59.127.114.233, port -19227.
Thu Jan 28 08:37:13 2016 :: EOF encountered on read.
Thu Jan 28 08:37:13 2016 :: Closing link to Admin.
Thu Jan 28 08:37:13 2016 :: [*****] BUG: &RSTRFREE called on str_dup pointer: db.c, line 3001
Thu Jan 28 08:37:13 2016 :: Attempting to correct.
Thu Jan 28 08:37:13 2016 :: Sock.sinaddr:  59.127.114.233, port -19221.
Thu Jan 28 08:37:25 2016 :: EOF encountered on read.
Thu Jan 28 08:37:25 2016 :: Closing link to Admin.
Thu Jan 28 08:37:25 2016 :: [*****] BUG: &RSTRFREE called on str_dup pointer: db.c, line 3001
Thu Jan 28 08:37:25 2016 :: Attempting to correct.
Thu Jan 28 08:37:25 2016 :: Sock.sinaddr:  59.127.114.233, port -19215.
Resetting: newbie.are
Resetting: byss.are
Resetting: OrdMantell.are
Resetting: guild.are
Resetting: silenceindustries.are
Resetting: bakura.are
Resetting: Honoghr.are
Resetting: asteroid2.are
Resetting: Bilbringi.are
Thu Jan 28 08:37:36 2016 :: EOF encountered on read.
Thu Jan 28 08:37:36 2016 :: Closing link to Support.
Thu Jan 28 08:37:36 2016 :: [*****] BUG: &RSTRFREE called on str_dup pointer: db.c, line 3001
Thu Jan 28 08:37:36 2016 :: Attempting to correct.
Thu Jan 28 08:37:36 2016 :: Sock.sinaddr:  59.127.114.233, port -19213.
Thu Jan 28 08:37:47 2016 :: EOF encountered on read.
Thu Jan 28 08:37:47 2016 :: Closing link to Ubnt.
Thu Jan 28 08:37:47 2016 :: [*****] BUG: &RSTRFREE called on str_dup pointer: db.c, line 3001
Thu Jan 28 08:37:47 2016 :: Attempting to correct.
Thu Jan 28 08:37:48 2016 :: Sock.sinaddr:  59.127.114.233, port -19208.
Thu Jan 28 08:37:59 2016 :: EOF encountered on read.
Thu Jan 28 08:37:59 2016 :: Closing link to Root.
Thu Jan 28 08:37:59 2016 :: [*****] BUG: &RSTRFREE called on str_dup pointer: db.c, line 3001
Thu Jan 28 08:37:59 2016 :: Attempting to correct.
Thu Jan 28 08:37:59 2016 :: Sock.sinaddr:  59.127.114.233, port -19205.
Thu Jan 28 08:38:10 2016 :: EOF encountered on read.
Resetting: omni_complex
Resetting: menarispaceport
Resetting: coruscant2.are
Resetting: newbie.are
Resetting: endor.are
Resetting: Corellia.are
Resetting: newbie.are
Thu Jan 28 08:39:45 2016 :: Sock.sinaddr:  5.145.196.134, port -31442.
Read_from_descriptor: Connection reset by peer
Resetting: newbie.are
Resetting: newbie.are
Resetting: calamari.are
Resetting: kashyyyk.are
Resetting: nalhutta.are
Resetting: newbie.are
Resetting: newbie.are
Resetting: newbie.are
