Segmentation fault (core dumped)
Segmentation fault (core dumped)
Segmentation fault (core dumped)
Segmentation fault (core dumped)
Segmentation fault (core dumped)
Segmentation fault (core dumped)
Segmentation fault (core dumped)
Segmentation fault (core dumped)
Segmentation fault (core dumped)
Segmentation fault (core dumped)
Segmentation fault (core dumped)
Segmentation fault (core dumped)
Segmentation fault (core dumped)
Segmentation fault (core dumped)
Killed
Killed
Killed
Killed
Killed
Port 1530 is already in use.
Port 1530 is already in use.
Port 1530 is already in use.
Port 1530 is already in use.
Port 1530 is already in use.
Segmentation fault (core dumped)
Segmentation fault (core dumped)
Killed
Killed
Killed
Killed
Segmentation fault (core dumped)
Segmentation fault (core dumped)
Segmentation fault (core dumped)
Segmentation fault (core dumped)
Segmentation fault (core dumped)
Segmentation fault (core dumped)
Segmentation fault (core dumped)
Segmentation fault (core dumped)
Segmentation fault (core dumped)
Segmentation fault (core dumped)
Segmentation fault (core dumped)
Segmentation fault (core dumped)
Segmentation fault (core dumped)
Segmentation fault (core dumped)
Killed
Segmentation fault (core dumped)
limit: Command not found.
unlimit: Command not found.
limit: Command not found.
unlimit: Command not found.
limit: Command not found.
unlimit: Command not found.
Killed
limit: Command not found.
unlimit: Command not found.
Segmentation fault (core dumped)
Segmentation fault (core dumped)
Segmentation fault (core dumped)
limit: Command not found.
unlimit: Command not found.
Segmentation fault (core dumped)
Segmentation fault (core dumped)
Segmentation fault (core dumped)
Segmentation fault (core dumped)
Segmentation fault (core dumped)
Terminated
Segmentation fault (core dumped)
Terminated
Terminated
Terminated
